{"name":"hexo","hostname":"huanglongqiandeMacBook-Pro.local","pid":97300,"level":20,"msg":"Writing database to /Users/huanglongqian/longqianh.github.io/db.json","time":"2020-05-03T00:25:33.584Z","v":0}
{"name":"hexo","hostname":"huanglongqiandeMacBook-Pro.local","pid":97300,"level":20,"msg":"Hexo version: \u001b[35m4.2.0\u001b[39m","time":"2020-05-03T00:25:33.593Z","v":0}
{"name":"hexo","hostname":"huanglongqiandeMacBook-Pro.local","pid":97300,"level":20,"msg":"Working directory: \u001b[35m~/longqianh.github.io/\u001b[39m","time":"2020-05-03T00:25:33.594Z","v":0}
{"name":"hexo","hostname":"huanglongqiandeMacBook-Pro.local","pid":97300,"level":20,"msg":"Config loaded: \u001b[35m~/longqianh.github.io/_config.yml\u001b[39m","time":"2020-05-03T00:25:33.650Z","v":0}
{"name":"hexo","hostname":"huanglongqiandeMacBook-Pro.local","pid":97300,"level":20,"msg":"Plugin loaded: \u001b[35mhexo-deployer-git\u001b[39m","time":"2020-05-03T00:25:33.665Z","v":0}
{"name":"hexo","hostname":"huanglongqiandeMacBook-Pro.local","pid":97300,"level":20,"msg":"Plugin loaded: \u001b[35mhexo-generator-archive\u001b[39m","time":"2020-05-03T00:25:33.666Z","v":0}
{"name":"hexo","hostname":"huanglongqiandeMacBook-Pro.local","pid":97300,"level":20,"msg":"Plugin loaded: \u001b[35mhexo-generator-index\u001b[39m","time":"2020-05-03T00:25:33.667Z","v":0}
{"name":"hexo","hostname":"huanglongqiandeMacBook-Pro.local","pid":97300,"level":20,"msg":"Plugin loaded: \u001b[35mhexo-generator-search\u001b[39m","time":"2020-05-03T00:25:33.668Z","v":0}
{"name":"hexo","hostname":"huanglongqiandeMacBook-Pro.local","pid":97300,"level":20,"msg":"Plugin loaded: \u001b[35mhexo-generator-tag\u001b[39m","time":"2020-05-03T00:25:33.669Z","v":0}
{"name":"hexo","hostname":"huanglongqiandeMacBook-Pro.local","pid":97300,"level":20,"msg":"Plugin loaded: \u001b[35mhexo-git-backup\u001b[39m","time":"2020-05-03T00:25:33.679Z","v":0}
{"name":"hexo","hostname":"huanglongqiandeMacBook-Pro.local","pid":97300,"level":20,"msg":"Plugin loaded: \u001b[35mhexo-pdf\u001b[39m","time":"2020-05-03T00:25:33.680Z","v":0}
{"name":"hexo","hostname":"huanglongqiandeMacBook-Pro.local","pid":97300,"level":20,"msg":"Plugin loaded: \u001b[35mhexo-generator-category\u001b[39m","time":"2020-05-03T00:25:33.681Z","v":0}
{"name":"hexo","hostname":"huanglongqiandeMacBook-Pro.local","pid":97300,"level":20,"msg":"Plugin loaded: \u001b[35mhexo-renderer-ejs\u001b[39m","time":"2020-05-03T00:25:33.682Z","v":0}
{"name":"hexo","hostname":"huanglongqiandeMacBook-Pro.local","pid":97300,"level":20,"msg":"Plugin loaded: \u001b[35mhexo-renderer-mathjax\u001b[39m","time":"2020-05-03T00:25:33.683Z","v":0}
{"name":"hexo","hostname":"huanglongqiandeMacBook-Pro.local","pid":97300,"level":20,"msg":"Plugin loaded: \u001b[35mhexo-inject\u001b[39m","time":"2020-05-03T00:25:33.803Z","v":0}
{"name":"hexo","hostname":"huanglongqiandeMacBook-Pro.local","pid":97300,"level":20,"msg":"Plugin loaded: \u001b[35mhexo-renderer-pandoc\u001b[39m","time":"2020-05-03T00:25:33.803Z","v":0}
{"name":"hexo","hostname":"huanglongqiandeMacBook-Pro.local","pid":97300,"level":20,"msg":"Plugin loaded: \u001b[35mhexo-renderer-stylus\u001b[39m","time":"2020-05-03T00:25:33.853Z","v":0}
{"name":"hexo","hostname":"huanglongqiandeMacBook-Pro.local","pid":97300,"level":20,"msg":"Plugin loaded: \u001b[35mhexo-renderer-kramed\u001b[39m","time":"2020-05-03T00:25:33.875Z","v":0}
{"name":"hexo","hostname":"huanglongqiandeMacBook-Pro.local","pid":97300,"level":20,"msg":"Plugin loaded: \u001b[35mhexo-server\u001b[39m","time":"2020-05-03T00:25:33.916Z","v":0}
{"name":"hexo","hostname":"huanglongqiandeMacBook-Pro.local","pid":97300,"level":20,"msg":"Script loaded: \u001b[35mthemes/ayer/scripts/default_config.js\u001b[39m","time":"2020-05-03T00:25:33.919Z","v":0}
{"name":"hexo","hostname":"huanglongqiandeMacBook-Pro.local","pid":97300,"level":20,"msg":"Script loaded: \u001b[35mthemes/ayer/scripts/filters/index.js\u001b[39m","time":"2020-05-03T00:25:33.920Z","v":0}
{"name":"hexo","hostname":"huanglongqiandeMacBook-Pro.local","pid":97300,"level":20,"msg":"Script loaded: \u001b[35mthemes/ayer/scripts/filters/meta_generator.js\u001b[39m","time":"2020-05-03T00:25:33.921Z","v":0}
{"name":"hexo","hostname":"huanglongqiandeMacBook-Pro.local","pid":97300,"level":20,"msg":"Script loaded: \u001b[35mthemes/ayer/scripts/helpers/ayer-plus-vendors.js\u001b[39m","time":"2020-05-03T00:25:33.921Z","v":0}
{"name":"hexo","hostname":"huanglongqiandeMacBook-Pro.local","pid":97300,"level":20,"msg":"Script loaded: \u001b[35mthemes/ayer/scripts/helpers/wordcount.js\u001b[39m","time":"2020-05-03T00:25:33.921Z","v":0}
{"name":"hexo","hostname":"huanglongqiandeMacBook-Pro.local","pid":97300,"level":20,"msg":"Script loaded: \u001b[35mthemes/ayer/scripts/lib/core.js\u001b[39m","time":"2020-05-03T00:25:33.921Z","v":0}
{"name":"hexo","hostname":"huanglongqiandeMacBook-Pro.local","pid":97300,"level":20,"msg":"[hexo-inject] firing inject_ready","time":"2020-05-03T00:25:33.922Z","v":0}
